<?xml version="1.0" encoding="UTF-8"?>
<!-- Generated by org.testng.reporters.JUnitXMLReporter -->
<testsuite hostname="DESKTOP-7BFNCK8" ignored="0" name="Test" tests="2" failures="0" timestamp="19 Sep 2020 14:56:51 GMT" time="45.176" errors="0">
  <testcase name="@AfterClass Extentsreport" time="0.147" classname="com.test_runner.TestRunner">
    <failure type="java.lang.NullPointerException">
      <![CDATA[java.lang.NullPointerException
at com.vimalselvam.cucumber.listener.Reporter.loadXMLConfig(Reporter.java:57)
at com.test_runner.TestRunner.Extentsreport(TestRunner.java:34)
... Removed 29 stack frames]]>
    </failure>
  </testcase> <!-- @AfterClass Extentsreport -->
  <testcase name="runScenario" time="22.129" classname="io.cucumber.testng.AbstractTestNGCucumberTests"/>
  <testcase name="runScenario" time="20.486" classname="io.cucumber.testng.AbstractTestNGCucumberTests"/>
</testsuite> <!-- Test -->
