<?xml version="1.0" encoding="UTF-8"?>
<!-- Generated by org.testng.reporters.JUnitXMLReporter -->
<testsuite hostname="DESKTOP-7BFNCK8" ignored="1" name="Test" tests="2" failures="0" timestamp="2020-09-19T01:32:43 IST" time="0.056" errors="0">
  <testcase name="login" time="0.009" classname="com.testng.DependsOnGroup"/>
  <testcase name="logout" time="0.001" classname="com.testng.DependsOnGroup"/>
  <testcase name="search" time="0.0" classname="com.testng.DependsOnGroup">
    <ignored/>
  </testcase> <!-- search -->
</testsuite> <!-- Test -->
