<?xml version="1.0" encoding="UTF-8"?>
<testsuite xmlns:xsi="http://www.w3.org/2001/XMLSchema-instance" xsi:noNamespaceSchemaLocation="https://maven.apache.org/surefire/maven-surefire-plugin/xsd/surefire-test-report.xsd" name="TestSuite" time="56.09" tests="3" errors="0" skipped="0" failures="1">
  <properties>
[...]
</properties>
  <testcase name="runScenario" classname="com.test_runner.TestRunner" time="22.132"/>
  <testcase name="runScenario" classname="com.test_runner.TestRunner" time="20.487"/>
  <testcase name="Extentsreport" classname="com.test_runner.TestRunner" time="20.721">
    <failure type="java.lang.NullPointerException">java.lang.NullPointerException
	at com.test_runner.TestRunner.Extentsreport(TestRunner.java:34)
</failure>
  </testcase>
</testsuite>