-------------------------------------------------------------------------------
Test set: TestSuite
-------------------------------------------------------------------------------
Tests run: 3, Failures: 1, Errors: 0, Skipped: 0, Time elapsed: 56.09 s <<< FAILURE! - in TestSuite
Extentsreport(com.test_runner.TestRunner)  Time elapsed: 20.721 s  <<< FAILURE!
java.lang.NullPointerException
	at com.test_runner.TestRunner.Extentsreport(TestRunner.java:34)

